[13:49:03.239][info] [#0:/home/xacovaci/xfiles/.local/share/nvim/mason/packages/lua-language-server/extension/server/main.lua:65]: Lua Lsp startup, root: 	/home/xacovaci/xfiles/.local/share/nvim/mason/packages/lua-language-server/extension/server
[13:49:03.240][info] [#0:/home/xacovaci/xfiles/.local/share/nvim/mason/packages/lua-language-server/extension/server/main.lua:66]: ROOT:	/home/xacovaci/xfiles/.local/share/nvim/mason/packages/lua-language-server/extension/server
[13:49:03.240][info] [#0:/home/xacovaci/xfiles/.local/share/nvim/mason/packages/lua-language-server/extension/server/main.lua:67]: LOGPATH:	/home/xacovaci/xfiles/.local/share/nvim/mason/packages/lua-language-server/extension/server/log
[13:49:03.240][info] [#0:/home/xacovaci/xfiles/.local/share/nvim/mason/packages/lua-language-server/extension/server/main.lua:68]: METAPATH:	/home/xacovaci/xfiles/.local/share/nvim/mason/packages/lua-language-server/extension/server/meta
[13:49:03.241][info] [#0:/home/xacovaci/xfiles/.local/share/nvim/mason/packages/lua-language-server/extension/server/main.lua:69]: VERSION:	3.5.6
[13:49:03.312][info] [#0:script/service/service.lua:141]: 
========= Medical Examination Report =========
    --------------- Memory ---------------
        Total: 1.490 MB
        # 00 : 1.490 MB
        # 01 : 0.000 MB
        # 02 : 0.000 MB
        # 03 : 0.000 MB
        # 04 : 0.000 MB
    --------------- Coroutine ---------------
        Total:     0
        Running:   0
        Suspended: 0
        Normal:    0
        Dead:      0
    --------------- Cache ---------------
        Total: 1
        Dead:  0
    ---------------  RPC  ---------------
        Holdon:   0
        Waiting:  0
==============================================
[13:49:03.327][info] [#0:script/language.lua:137]: VSC language: nil
[13:49:03.327][info] [#0:script/language.lua:138]: LS  language: en-us
[13:49:03.328][info] [#0:script/workspace/workspace.lua:38]: Workspace init root: 	file:///home/xacovaci/xfiles/.config/nvim
[13:49:03.328][info] [#0:script/workspace/workspace.lua:42]: Log path: 	/home/xacovaci/xfiles/.local/share/nvim/mason/packages/lua-language-server/extension/server/log/file_home_xacovaci_xfiles_.config_nvim.log
[13:49:03.328][info] [#0:script/workspace/workspace.lua:51]: Workspace create: 	file:///home/xacovaci/xfiles/.config/nvim
[13:49:03.332][info] [#0:script/provider/provider.lua:41]: Load config from client	file:///home/xacovaci/xfiles/.config/nvim
[13:49:03.332][info] [#0:script/provider/provider.lua:42]: {
  Lua = {
    telemetry = {
      enable = false
    }
  }
}
[13:49:03.332][info] [#0:script/provider/provider.lua:41]: Load config from client	file:///home/xacovaci/xfiles/.config/nvim
[13:49:03.332][info] [#0:script/provider/provider.lua:42]: {
  Lua = {
    telemetry = {
      enable = false
    }
  }
}
[13:49:03.332][info] [#0:script/provider/provider.lua:41]: Load config from client	file:///home/xacovaci/xfiles/.config/nvim
[13:49:03.332][info] [#0:script/provider/provider.lua:42]: {
  Lua = {
    telemetry = {
      enable = false
    }
  }
}
[13:49:03.333][info] [#0:script/provider/provider.lua:56]: Load config from client	fallback
[13:49:03.333][info] [#0:script/provider/provider.lua:57]: {
  Lua = {
    telemetry = {
      enable = false
    }
  }
}
[13:49:03.333][info] [#0:script/library.lua:207]: Init builtin library at:	file:///home/xacovaci/xfiles/.config/nvim
[13:49:03.359][info] [#0:script/plugin.lua:86]: plugin path:	/home/xacovaci/xfiles/.config/nvim
[13:49:03.359][warn] [#0:script/plugin.lua:101]: plugin not found:	/home/xacovaci/xfiles/.config/nvim
[13:49:03.359][info] [#0:script/library.lua:207]: Init builtin library at:	nil
[13:49:03.376][info] [#0:script/provider/provider.lua:56]: Load config from client	fallback
[13:49:03.376][info] [#0:script/provider/provider.lua:57]: {
  Lua = {
    telemetry = {
      enable = false
    }
  }
}
[13:49:03.376][info] [#0:script/provider/provider.lua:56]: Load config from client	fallback
[13:49:03.376][info] [#0:script/provider/provider.lua:57]: {
  Lua = {
    telemetry = {
      enable = false
    }
  }
}
[13:49:03.377][info] [#0:script/workspace/workspace.lua:305]: Preload start:	file:///home/xacovaci/xfiles/.config/nvim
[13:49:03.377][info] [#0:script/workspace/workspace.lua:311]: Scan files at:	file:///home/xacovaci/xfiles/.config/nvim
[13:49:03.377][info] [#0:script/workspace/workspace.lua:305]: Preload start:	<fallback>
[13:49:03.377][info] [#0:script/workspace/workspace.lua:328]: Scan library at:	file:///home/xacovaci/xfiles/.local/share/nvim/mason/packages/lua-language-server/extension/server/meta/Lua%205.4%20en-us%20utf8
[13:49:03.381][info] [#0:script/workspace/workspace.lua:328]: Scan library at:	file:///home/xacovaci/xfiles/.local/share/nvim/mason/packages/lua-language-server/extension/server/meta/Lua%205.4%20en-us%20utf8
[13:49:05.329][info] [#0:script/workspace/workspace.lua:348]: Found 11 files at:	<fallback>
[13:49:05.329][info] [#0:script/workspace/loading.lua:153]: Load files from disk:	<fallback>
[13:49:05.329][info] [#0:script/workspace/workspace.lua:348]: Found 26 files at:	file:///home/xacovaci/xfiles/.config/nvim
[13:49:05.329][info] [#0:script/workspace/loading.lua:153]: Load files from disk:	file:///home/xacovaci/xfiles/.config/nvim
[13:49:05.873][info] [#0:script/workspace/loading.lua:165]: Loaded files takes [0.073] sec: <fallback>
[13:49:05.873][info] [#0:script/workspace/loading.lua:174]: Compile files takes [0.000] sec: <fallback>
[13:49:05.873][info] [#0:script/workspace/loading.lua:175]: Loaded finish:	<fallback>
[13:49:05.873][info] [#0:script/workspace/workspace.lua:350]: Preload finish at:	<fallback>
[13:49:05.876][info] [#0:script/workspace/loading.lua:165]: Loaded files takes [0.077] sec: file:///home/xacovaci/xfiles/.config/nvim
[13:49:05.876][info] [#0:script/workspace/loading.lua:174]: Compile files takes [0.000] sec: file:///home/xacovaci/xfiles/.config/nvim
[13:49:05.876][info] [#0:script/workspace/loading.lua:175]: Loaded finish:	file:///home/xacovaci/xfiles/.config/nvim
[13:49:05.876][info] [#0:script/workspace/workspace.lua:350]: Preload finish at:	file:///home/xacovaci/xfiles/.config/nvim
[13:49:05.888][warn] [#0:script/proto/proto.lua:122]: Response of [workspace/diagnostic/refresh] error [-32601]: MethodNotFound
[13:49:05.989][warn] [#0:script/proto/proto.lua:122]: Response of [workspace/diagnostic/refresh] error [-32601]: MethodNotFound
[13:49:06.426][info] [#0:script/provider/diagnostic.lua:486]: Diagnostics scope [<fallback>], files count:[26]
[13:49:06.547][info] [#0:script/provider/diagnostic.lua:503]: Diagnostics scope [<fallback>] finished, takes [0.089] sec.
[13:49:08.929][info] [#0:script/provider/diagnostic.lua:486]: Diagnostics scope [file:///home/xacovaci/xfiles/.config/nvim], files count:[26]
[13:49:08.989][info] [#0:script/provider/diagnostic.lua:503]: Diagnostics scope [file:///home/xacovaci/xfiles/.config/nvim] finished, takes [0.059] sec.
[13:49:10.945][info] [#0:script/provider/diagnostic.lua:486]: Diagnostics scope [file:///home/xacovaci/xfiles/.config/nvim], files count:[26]
[13:49:10.992][info] [#0:script/provider/diagnostic.lua:503]: Diagnostics scope [file:///home/xacovaci/xfiles/.config/nvim] finished, takes [0.047] sec.
[13:49:11.666][info] [#0:script/provider/diagnostic.lua:486]: Diagnostics scope [file:///home/xacovaci/xfiles/.config/nvim], files count:[26]
[13:49:11.722][info] [#0:script/provider/diagnostic.lua:503]: Diagnostics scope [file:///home/xacovaci/xfiles/.config/nvim] finished, takes [0.056] sec.
[13:49:14.694][info] [#0:script/provider/provider.lua:167]: Server shutdown.
[13:49:14.695][info] [#0:script/provider/diagnostic.lua:486]: Diagnostics scope [file:///home/xacovaci/xfiles/.config/nvim], files count:[26]
[13:49:14.695][info] [#0:script/provider/diagnostic.lua:486]: Diagnostics scope [file:///home/xacovaci/xfiles/.config/nvim], files count:[26]
[13:49:14.700][info] [#0:script/provider/provider.lua:160]: Server exited.
