[13:49:03.239][info] [#0:/home/xacovaci/xfiles/.local/share/nvim/mason/packages/lua-language-server/extension/server/main.lua:65]: Lua Lsp startup, root: 	/home/xacovaci/xfiles/.local/share/nvim/mason/packages/lua-language-server/extension/server
[13:49:03.240][info] [#0:/home/xacovaci/xfiles/.local/share/nvim/mason/packages/lua-language-server/extension/server/main.lua:66]: ROOT:	/home/xacovaci/xfiles/.local/share/nvim/mason/packages/lua-language-server/extension/server
[13:49:03.240][info] [#0:/home/xacovaci/xfiles/.local/share/nvim/mason/packages/lua-language-server/extension/server/main.lua:67]: LOGPATH:	/home/xacovaci/xfiles/.local/share/nvim/mason/packages/lua-language-server/extension/server/log
[13:49:03.240][info] [#0:/home/xacovaci/xfiles/.local/share/nvim/mason/packages/lua-language-server/extension/server/main.lua:68]: METAPATH:	/home/xacovaci/xfiles/.local/share/nvim/mason/packages/lua-language-server/extension/server/meta
[13:49:03.241][info] [#0:/home/xacovaci/xfiles/.local/share/nvim/mason/packages/lua-language-server/extension/server/main.lua:69]: VERSION:	3.5.6
[13:49:03.312][info] [#0:script/service/service.lua:141]: 
========= Medical Examination Report =========
    --------------- Memory ---------------
        Total: 1.490 MB
        # 00 : 1.490 MB
        # 01 : 0.000 MB
        # 02 : 0.000 MB
        # 03 : 0.000 MB
        # 04 : 0.000 MB
    --------------- Coroutine ---------------
        Total:     0
        Running:   0
        Suspended: 0
        Normal:    0
        Dead:      0
    --------------- Cache ---------------
        Total: 1
        Dead:  0
    ---------------  RPC  ---------------
        Holdon:   0
        Waiting:  0
==============================================
[13:49:03.327][info] [#0:script/language.lua:137]: VSC language: nil
[13:49:03.327][info] [#0:script/language.lua:138]: LS  language: en-us
[13:49:03.328][info] [#0:script/workspace/workspace.lua:38]: Workspace init root: 	file:///home/xacovaci/xfiles/.config/nvim
[13:49:03.328][info] [#0:script/workspace/workspace.lua:42]: Log path: 	/home/xacovaci/xfiles/.local/share/nvim/mason/packages/lua-language-server/extension/server/log/file_home_xacovaci_xfiles_.config_nvim.log
